<?xml version="1.0" encoding="UTF-8"?>
<!-- Generated by org.testng.reporters.JUnitReportReporter -->
<testsuite skipped="0" hostname="IXC1-LTDG631J3" name="winew.BAIGenTest" tests="2" failures="0" timestamp="2022-02-16T19:07:57 IST" time="3.291" errors="0">
  <testcase name="runWinAppDriver" time="2.561" classname="winew.BAIGenTest"/>
  <system-out/>
  <testcase name="copyBAIFile" time="0.730" classname="winew.BAIGenTest"/>
  <system-out/>
</testsuite> <!-- winew.BAIGenTest -->
