<?xml version="1.0" encoding="UTF-8"?>
<!-- Generated by org.testng.reporters.JUnitReportReporter -->
<testsuite skipped="0" hostname="IXC1-LTDG631J3" name="winew.NewTest" tests="1" failures="0" timestamp="2022-02-16T13:16:25 IST" time="10.848" errors="0">
  <testcase name="runWinAppDriver" time="10.848" classname="winew.NewTest"/>
  <system-out/>
</testsuite> <!-- winew.NewTest -->
